log4j:ERROR Could not read configuration file from URL [file:log4j.properties].
java.io.FileNotFoundException: log4j.properties (No such file or directory)
	at java.io.FileInputStream.open0(Native Method)
	at java.io.FileInputStream.open(FileInputStream.java:195)
	at java.io.FileInputStream.<init>(FileInputStream.java:138)
	at java.io.FileInputStream.<init>(FileInputStream.java:93)
	at sun.net.www.protocol.file.FileURLConnection.connect(FileURLConnection.java:90)
	at sun.net.www.protocol.file.FileURLConnection.getInputStream(FileURLConnection.java:188)
	at org.apache.log4j.PropertyConfigurator.doConfigure(PropertyConfigurator.java:557)
	at org.apache.log4j.helpers.OptionConverter.selectAndConfigure(OptionConverter.java:526)
	at org.apache.log4j.LogManager.<clinit>(LogManager.java:127)
	at org.apache.spark.internal.Logging$class.initializeLogging(Logging.scala:120)
	at org.apache.spark.internal.Logging$class.initializeLogIfNecessary(Logging.scala:108)
	at org.apache.spark.deploy.SparkSubmit$.initializeLogIfNecessary(SparkSubmit.scala:71)
	at org.apache.spark.deploy.SparkSubmit$.main(SparkSubmit.scala:128)
	at org.apache.spark.deploy.SparkSubmit.main(SparkSubmit.scala)
log4j:ERROR Ignoring configuration file [file:log4j.properties].
20/03/29 10:36:05 WARN SparkConf: The configuration key 'spark.yarn.executor.memoryOverhead' has been deprecated as of Spark 2.3 and may be removed in the future. Please use the new key 'spark.executor.memoryOverhead' instead.
20/03/29 10:36:05 WARN SparkConf: The configuration key 'spark.yarn.driver.memoryOverhead' has been deprecated as of Spark 2.3 and may be removed in the future. Please use the new key 'spark.driver.memoryOverhead' instead.
java.lang.ClassNotFoundException: au.com.telstra.in.oan.dataCuration.driver
	at java.net.URLClassLoader.findClass(URLClassLoader.java:381)
	at java.lang.ClassLoader.loadClass(ClassLoader.java:424)
	at java.lang.ClassLoader.loadClass(ClassLoader.java:357)
	at java.lang.Class.forName0(Native Method)
	at java.lang.Class.forName(Class.java:348)
	at org.apache.spark.util.Utils$.classForName(Utils.scala:239)
	at org.apache.spark.deploy.SparkSubmit$.org$apache$spark$deploy$SparkSubmit$$runMain(SparkSubmit.scala:857)
	at org.apache.spark.deploy.SparkSubmit$.doRunMain$1(SparkSubmit.scala:192)
	at org.apache.spark.deploy.SparkSubmit$.submit(SparkSubmit.scala:217)
	at org.apache.spark.deploy.SparkSubmit$.main(SparkSubmit.scala:137)
	at org.apache.spark.deploy.SparkSubmit.main(SparkSubmit.scala)
log4j:WARN No appenders could be found for logger (org.apache.spark.util.ShutdownHookManager).
log4j:WARN Please initialize the log4j system properly.
log4j:WARN See http://logging.apache.org/log4j/1.2/faq.html#noconfig for more info.
Using Spark's default log4j profile: org/apache/spark/log4j-defaults.properties
